<?xml version="1.0" encoding="UTF-8"?>
<testng-results ignored="0" total="1" passed="1" failed="0" skipped="0">
  <reporter-output>
  </reporter-output>
  <suite started-at="2022-07-03T14:29:59 ICT" name="Surefire suite" finished-at="2022-07-03T14:30:18 ICT" duration-ms="18826">
    <groups>
    </groups>
    <test started-at="2022-07-03T14:29:59 ICT" name="Surefire test" finished-at="2022-07-03T14:30:18 ICT" duration-ms="18826">
      <class name="webdriver.common.testcases.EksTest">
        <test-method is-config="true" signature="beforeSuite()[pri:0, instance:webdriver.common.testcases.EksTest@18a645fd]" started-at="2022-07-03T14:29:59 ICT" name="beforeSuite" finished-at="2022-07-03T14:29:59 ICT" duration-ms="11" status="PASS">
          <reporter-output>
          </reporter-output>
        </test-method> <!-- beforeSuite -->
        <test-method is-config="true" signature="beforeTest()[pri:0, instance:webdriver.common.testcases.EksTest@18a645fd]" started-at="2022-07-03T14:29:59 ICT" name="beforeTest" finished-at="2022-07-03T14:29:59 ICT" duration-ms="0" status="PASS">
          <reporter-output>
          </reporter-output>
        </test-method> <!-- beforeTest -->
        <test-method is-config="true" signature="initTest()[pri:0, instance:webdriver.common.testcases.EksTest@18a645fd]" started-at="2022-07-03T14:29:59 ICT" name="initTest" finished-at="2022-07-03T14:30:05 ICT" duration-ms="6359" status="PASS">
          <reporter-output>
          </reporter-output>
        </test-method> <!-- initTest -->
        <test-method signature="VerifyThatSecurityGroupsAllowsIncomingTrafficOnlyOnTCP443InGroup()[pri:0, instance:webdriver.common.testcases.EksTest@18a645fd]" started-at="2022-07-03T14:30:05 ICT" name="VerifyThatSecurityGroupsAllowsIncomingTrafficOnlyOnTCP443InGroup" finished-at="2022-07-03T14:30:18 ICT" duration-ms="12286" status="PASS">
          <reporter-output>
          </reporter-output>
        </test-method> <!-- VerifyThatSecurityGroupsAllowsIncomingTrafficOnlyOnTCP443InGroup -->
        <test-method is-config="true" signature="tearDown()[pri:0, instance:webdriver.common.testcases.EksTest@18a645fd]" started-at="2022-07-03T14:30:18 ICT" name="tearDown" finished-at="2022-07-03T14:30:18 ICT" duration-ms="122" status="PASS">
          <reporter-output>
          </reporter-output>
        </test-method> <!-- tearDown -->
        <test-method is-config="true" signature="afterSuite()[pri:0, instance:webdriver.common.testcases.EksTest@18a645fd]" started-at="2022-07-03T14:30:18 ICT" name="afterSuite" finished-at="2022-07-03T14:30:18 ICT" duration-ms="0" status="PASS">
          <reporter-output>
          </reporter-output>
        </test-method> <!-- afterSuite -->
      </class> <!-- webdriver.common.testcases.EksTest -->
    </test> <!-- Surefire test -->
  </suite> <!-- Surefire suite -->
</testng-results>
