<?xml version="1.0" encoding="UTF-8"?>
<testsuite xmlns:xsi="http://www.w3.org/2001/XMLSchema-instance" xsi:noNamespaceSchemaLocation="https://maven.apache.org/surefire/maven-surefire-plugin/xsd/surefire-test-report.xsd" name="webdriver.common.testcases.EksTest" time="19.32" tests="1" errors="0" skipped="0" failures="0">
  <properties>
[...]
</properties>
  <testcase name="VerifyThatSecurityGroupsAllowsIncomingTrafficOnlyOnTCP443InGroup" classname="webdriver.common.testcases.EksTest" time="12.292"/>
</testsuite>